Executing the C code of file './material/code-generation-tests/OK_GER06.c'
7 1 2 3 4 5 6 7
7 1 2 3 4 5 6 7 
Error when compiling the C code of file './material/code-generation-tests/OK_GER13.c' generated by the Cianeto compiler (exit code 1)
./material/code-generation-tests/OK_GER13.c: In function ‘readInt’:
./material/code-generation-tests/OK_GER13.c:15:5: warning: implicit declaration of function ‘gets’; did you mean ‘fgets’? [-Wimplicit-function-declaration]
   15 |     gets(__s);
      |     ^~~~
      |     fgets
./material/code-generation-tests/OK_GER13.c: At top level:
./material/code-generation-tests/OK_GER13.c:38:5: error: expected specifier-qualifier-list before ‘private’
   38 |     private int n;
      |     ^~~~~~~
./material/code-generation-tests/OK_GER13.c: In function ‘_A_set’:
./material/code-generation-tests/OK_GER13.c:47:22: error: lvalue required as left operand of assignment
   47 |     FALTAIMPLEMENTAR = _pn;
      |                      ^
./material/code-generation-tests/OK_GER13.c: In function ‘new_A’:
./material/code-generation-tests/OK_GER13.c:75:10: error: ‘_class_A’ {aka ‘struct _St_A’} has no member named ‘vt’
   75 |         t->vt = VT_class_A;
      |          ^~
./material/code-generation-tests/OK_GER13.c: At top level:
./material/code-generation-tests/OK_GER13.c:121:5: error: unknown type name ‘private’
  121 |     private Program program;
      |     ^~~~~~~
./material/code-generation-tests/OK_GER13.c:121:21: error: expected ‘:’, ‘,’, ‘;’, ‘}’ or ‘__attribute__’ before ‘program’
  121 |     private Program program;
      |                     ^~~~~~~
./material/code-generation-tests/OK_GER13.c: In function ‘_Program_m’:
./material/code-generation-tests/OK_GER13.c:132:12: error: incompatible type for argument 1 of ‘_A_set’
  132 |     _A_set(_a, 0);
      |            ^~
      |            |
      |            _class_A {aka struct _St_A}
./material/code-generation-tests/OK_GER13.c:44:24: note: expected ‘_class_A *’ {aka ‘struct _St_A *’} but argument is of type ‘_class_A’ {aka ‘struct _St_A’}
   44 | void _A_set( _class_A* self, int _pn) {
      |              ~~~~~~~~~~^~~~
./material/code-generation-tests/OK_GER13.c:133:12: error: incompatible types when returning type ‘_class_B *’ {aka ‘struct _St_B *’} but ‘_class_B’ {aka ‘struct _St_B’} was expected
  133 |     return new_B();
      |            ^~~~~~~
./material/code-generation-tests/OK_GER13.c: In function ‘_Program_p’:
./material/code-generation-tests/OK_GER13.c:138:16: error: incompatible types when returning type ‘_class_A *’ {aka ‘struct _St_A *’} but ‘_class_A’ {aka ‘struct _St_A’} was expected
  138 |         return new_A();
      |                ^~~~~~~
./material/code-generation-tests/OK_GER13.c:140:16: error: incompatible types when returning type ‘_class_B *’ {aka ‘struct _St_B *’} but ‘_class_A’ {aka ‘struct _St_A’} was expected
  140 |         return new_B();
      |                ^~~~~~~
./material/code-generation-tests/OK_GER13.c: In function ‘_Program_run’:
./material/code-generation-tests/OK_GER13.c:150:8: warning: assignment to ‘_class_A *’ {aka ‘struct _St_A *’} from incompatible pointer type ‘_class_B *’ {aka ‘struct _St_B *’} [-Wincompatible-pointer-types]
  150 |     _a = _b;
      |        ^
./material/code-generation-tests/OK_GER13.c:161:11: error: incompatible types when assigning to type ‘_class_A’ {aka ‘struct _St_A’} from type ‘_class_A *’ {aka ‘struct _St_A *’}
  161 |     _a2 = new_A();
      |           ^~~~~
./material/code-generation-tests/OK_GER13.c:162:12: warning: comparison of distinct pointer types lacks a cast
  162 |     if (_a == _b ) {
      |            ^~
./material/code-generation-tests/OK_GER13.c:166:12: warning: comparison of distinct pointer types lacks a cast
  166 |     if (_b == _a ) {
      |            ^~
./material/code-generation-tests/OK_GER13.c:170:12: error: invalid operands to binary == (have ‘_class_A *’ {aka ‘struct _St_A *’} and ‘_class_A’ {aka ‘struct _St_A’})
  170 |     if (_a == _a2 ) {
      |            ^~
./material/code-generation-tests/OK_GER13.c:174:22: error: lvalue required as left operand of assignment
  174 |     FALTAIMPLEMENTAR = new_Program();
      |                      ^
./material/code-generation-tests/OK_GER13.c: In function ‘new_Program’:
./material/code-generation-tests/OK_GER13.c:188:10: error: ‘_class_Program’ {aka ‘struct _St_Program’} has no member named ‘vt’
  188 |         t->vt = VT_class_Program;
      |          ^~
Executing the C code of file './material/code-generation-tests/OK_GER01.c'
7 0 1 2 3 4 5 6 7
7 0 1 2 3 4 5 6 7 
Executing the C code of file './material/code-generation-tests/OK_GER02.c'
6 1 2 3 4 5 6
6 1 2 3 4 5 6 
Executing the C code of file './material/code-generation-tests/OK_GER03.c'
6 1 2 3 4 5 6
6 1 2 3 4 5 6 
Executing the C code of file './material/code-generation-tests/OK_GER04.c'
61 2 3 4 5 6
61 2 3 4 5 6 
Executing the C code of file './material/code-generation-tests/OK_GER05.c'

Ok-ger05
The output should be what you give as input.
Type in six numbers
Executing the C code of file './material/code-generation-tests/OK_GER07.c'
0
0
Executing the C code of file './material/code-generation-tests/OK_GER08.c'
Error when executing the code generated by the C compiler (exit code 139)
Executing the C code of file './material/code-generation-tests/OK_GER09.c'
Error when executing the code generated by the C compiler (exit code 139)
Error when compiling the C code of file './material/code-generation-tests/OK_GER10.c' generated by the Cianeto compiler (exit code 1)
./material/code-generation-tests/OK_GER10.c: In function ‘readInt’:
./material/code-generation-tests/OK_GER10.c:15:5: warning: implicit declaration of function ‘gets’; did you mean ‘fgets’? [-Wimplicit-function-declaration]
   15 |     gets(__s);
      |     ^~~~
      |     fgets
./material/code-generation-tests/OK_GER10.c: At top level:
./material/code-generation-tests/OK_GER10.c:38:5: error: expected specifier-qualifier-list before ‘private’
   38 |     private int k;
      |     ^~~~~~~
./material/code-generation-tests/OK_GER10.c: In function ‘_A_m1’:
./material/code-generation-tests/OK_GER10.c:45:22: error: lvalue required as left operand of assignment
   45 |     FALTAIMPLEMENTAR = 1;
      |                      ^
./material/code-generation-tests/OK_GER10.c:46:68: warning: passing argument 1 of ‘concat’ makes pointer from integer without a cast [-Wint-conversion]
   46 |     printf("%s",  concat( FALTAIMPLEMENTAR,  concat( " ",  concat( _n, " "))));
      |                                                                    ^~
      |                                                                    |
      |                                                                    int
./material/code-generation-tests/OK_GER10.c:27:23: note: expected ‘char *’ but argument is of type ‘int’
   27 | char * concat( char * str1, char * str2){
      |                ~~~~~~~^~~~
./material/code-generation-tests/OK_GER10.c: In function ‘new_A’:
./material/code-generation-tests/OK_GER10.c:61:10: error: ‘_class_A’ {aka ‘struct _St_A’} has no member named ‘vt’
   61 |         t->vt = VT_class_A;
      |          ^~
./material/code-generation-tests/OK_GER10.c: At top level:
./material/code-generation-tests/OK_GER10.c:68:5: error: expected specifier-qualifier-list before ‘private’
   68 |     private int k;
      |     ^~~~~~~
./material/code-generation-tests/OK_GER10.c: In function ‘_B_m2’:
./material/code-generation-tests/OK_GER10.c:75:22: error: lvalue required as left operand of assignment
   75 |     FALTAIMPLEMENTAR = 2;
      |                      ^
./material/code-generation-tests/OK_GER10.c:77:68: warning: passing argument 1 of ‘concat’ makes pointer from integer without a cast [-Wint-conversion]
   77 |     printf("%s",  concat( FALTAIMPLEMENTAR,  concat( " ",  concat( _n, " "))));
      |                                                                    ^~
      |                                                                    |
      |                                                                    int
./material/code-generation-tests/OK_GER10.c:27:23: note: expected ‘char *’ but argument is of type ‘int’
   27 | char * concat( char * str1, char * str2){
      |                ~~~~~~~^~~~
./material/code-generation-tests/OK_GER10.c: In function ‘new_B’:
./material/code-generation-tests/OK_GER10.c:92:10: error: ‘_class_B’ {aka ‘struct _St_B’} has no member named ‘vt’
   92 |         t->vt = VT_class_B;
      |          ^~
./material/code-generation-tests/OK_GER10.c: In function ‘_C_m3’:
./material/code-generation-tests/OK_GER10.c:106:42: warning: passing argument 1 of ‘concat’ makes pointer from integer without a cast [-Wint-conversion]
  106 |     printf("%s",  concat( "3 ",  concat( _n, " ")));
      |                                          ^~
      |                                          |
      |                                          int
./material/code-generation-tests/OK_GER10.c:27:23: note: expected ‘char *’ but argument is of type ‘int’
   27 | char * concat( char * str1, char * str2){
      |                ~~~~~~~^~~~
./material/code-generation-tests/OK_GER10.c: In function ‘_C_m4’:
./material/code-generation-tests/OK_GER10.c:111:33: warning: passing argument 2 of ‘concat’ makes pointer from integer without a cast [-Wint-conversion]
  111 |     printf("%s",  concat( "4 ", _n));
      |                                 ^~
      |                                 |
      |                                 int
./material/code-generation-tests/OK_GER10.c:27:36: note: expected ‘char *’ but argument is of type ‘int’
   27 | char * concat( char * str1, char * str2){
      |                             ~~~~~~~^~~~
Executing the C code of file './material/code-generation-tests/OK_GER11.c'
4 1 2 3 4
4 1 3 
Executing the C code of file './material/code-generation-tests/OK_GER12.c'
1 2 1 2 1 2 1 2
1 2 1 2 
Error when compiling the C code of file './material/code-generation-tests/OK_GER14.c' generated by the Cianeto compiler (exit code 1)
./material/code-generation-tests/OK_GER14.c: In function ‘readInt’:
./material/code-generation-tests/OK_GER14.c:15:5: warning: implicit declaration of function ‘gets’; did you mean ‘fgets’? [-Wimplicit-function-declaration]
   15 |     gets(__s);
      |     ^~~~
      |     fgets
./material/code-generation-tests/OK_GER14.c: At top level:
./material/code-generation-tests/OK_GER14.c:38:5: error: expected specifier-qualifier-list before ‘private’
   38 |     private int k;
      |     ^~~~~~~
./material/code-generation-tests/OK_GER14.c: In function ‘_A_init’:
./material/code-generation-tests/OK_GER14.c:49:22: error: lvalue required as left operand of assignment
   49 |     FALTAIMPLEMENTAR = 1;
      |                      ^
./material/code-generation-tests/OK_GER14.c: In function ‘new_A’:
./material/code-generation-tests/OK_GER14.c:60:10: error: ‘_class_A’ {aka ‘struct _St_A’} has no member named ‘vt’
   60 |         t->vt = VT_class_A;
      |          ^~
./material/code-generation-tests/OK_GER14.c: At top level:
./material/code-generation-tests/OK_GER14.c:67:5: error: expected specifier-qualifier-list before ‘private’
   67 |     private int k;
      |     ^~~~~~~
./material/code-generation-tests/OK_GER14.c: In function ‘_B_init’:
./material/code-generation-tests/OK_GER14.c:79:22: error: lvalue required as left operand of assignment
   79 |     FALTAIMPLEMENTAR = 2;
      |                      ^
./material/code-generation-tests/OK_GER14.c: In function ‘new_B’:
./material/code-generation-tests/OK_GER14.c:90:10: error: ‘_class_B’ {aka ‘struct _St_B’} has no member named ‘vt’
   90 |         t->vt = VT_class_B;
      |          ^~
./material/code-generation-tests/OK_GER14.c: At top level:
./material/code-generation-tests/OK_GER14.c:97:5: error: expected specifier-qualifier-list before ‘private’
   97 |     private int k;
      |     ^~~~~~~
./material/code-generation-tests/OK_GER14.c: In function ‘_C_init’:
./material/code-generation-tests/OK_GER14.c:109:22: error: lvalue required as left operand of assignment
  109 |     FALTAIMPLEMENTAR = 3;
      |                      ^
./material/code-generation-tests/OK_GER14.c: In function ‘new_C’:
./material/code-generation-tests/OK_GER14.c:120:10: error: ‘_class_C’ {aka ‘struct _St_C’} has no member named ‘vt’
  120 |         t->vt = VT_class_C;
      |          ^~
./material/code-generation-tests/OK_GER14.c: At top level:
./material/code-generation-tests/OK_GER14.c:127:5: error: expected specifier-qualifier-list before ‘private’
  127 |     private int k;
      |     ^~~~~~~
./material/code-generation-tests/OK_GER14.c: In function ‘_D_init’:
./material/code-generation-tests/OK_GER14.c:139:22: error: lvalue required as left operand of assignment
  139 |     FALTAIMPLEMENTAR = 4;
      |                      ^
./material/code-generation-tests/OK_GER14.c: In function ‘new_D’:
./material/code-generation-tests/OK_GER14.c:150:10: error: ‘_class_D’ {aka ‘struct _St_D’} has no member named ‘vt’
  150 |         t->vt = VT_class_D;
      |          ^~
./material/code-generation-tests/OK_GER14.c: In function ‘_Program_run’:
./material/code-generation-tests/OK_GER14.c:172:8: warning: assignment to ‘_class_C *’ {aka ‘struct _St_C *’} from incompatible pointer type ‘_class_D *’ {aka ‘struct _St_D *’} [-Wincompatible-pointer-types]
  172 |     _c = _d;
      |        ^
./material/code-generation-tests/OK_GER14.c:175:8: warning: assignment to ‘_class_B *’ {aka ‘struct _St_B *’} from incompatible pointer type ‘_class_C *’ {aka ‘struct _St_C *’} [-Wincompatible-pointer-types]
  175 |     _b = _c;
      |        ^
./material/code-generation-tests/OK_GER14.c:178:8: warning: assignment to ‘_class_A *’ {aka ‘struct _St_A *’} from incompatible pointer type ‘_class_B *’ {aka ‘struct _St_B *’} [-Wincompatible-pointer-types]
  178 |     _a = _b;
      |        ^
Error when compiling the C code of file './material/code-generation-tests/OK_GER15.c' generated by the Cianeto compiler (exit code 1)
./material/code-generation-tests/OK_GER15.c: In function ‘readInt’:
./material/code-generation-tests/OK_GER15.c:15:5: warning: implicit declaration of function ‘gets’; did you mean ‘fgets’? [-Wimplicit-function-declaration]
   15 |     gets(__s);
      |     ^~~~
      |     fgets
./material/code-generation-tests/OK_GER15.c: At top level:
./material/code-generation-tests/OK_GER15.c:38:5: error: expected specifier-qualifier-list before ‘private’
   38 |     private int i;
      |     ^~~~~~~
./material/code-generation-tests/OK_GER15.c: In function ‘_A_init_A’:
./material/code-generation-tests/OK_GER15.c:46:22: error: lvalue required as left operand of assignment
   46 |     FALTAIMPLEMENTAR = 1;
      |                      ^
./material/code-generation-tests/OK_GER15.c:47:22: error: lvalue required as left operand of assignment
   47 |     FALTAIMPLEMENTAR = 2;
      |                      ^
./material/code-generation-tests/OK_GER15.c: In function ‘new_A’:
./material/code-generation-tests/OK_GER15.c:89:10: error: ‘_class_A’ {aka ‘struct _St_A’} has no member named ‘vt’
   89 |         t->vt = VT_class_A;
      |          ^~
./material/code-generation-tests/OK_GER15.c: At top level:
./material/code-generation-tests/OK_GER15.c:96:5: error: expected specifier-qualifier-list before ‘private’
   96 |     private int i;
      |     ^~~~~~~
./material/code-generation-tests/OK_GER15.c: In function ‘_B_init_B’:
./material/code-generation-tests/OK_GER15.c:104:22: error: lvalue required as left operand of assignment
  104 |     FALTAIMPLEMENTAR = 3;
      |                      ^
./material/code-generation-tests/OK_GER15.c:105:22: error: lvalue required as left operand of assignment
  105 |     FALTAIMPLEMENTAR = 4;
      |                      ^
./material/code-generation-tests/OK_GER15.c: In function ‘new_B’:
./material/code-generation-tests/OK_GER15.c:147:10: error: ‘_class_B’ {aka ‘struct _St_B’} has no member named ‘vt’
  147 |         t->vt = VT_class_B;
      |          ^~
./material/code-generation-tests/OK_GER15.c: At top level:
./material/code-generation-tests/OK_GER15.c:154:5: error: expected specifier-qualifier-list before ‘private’
  154 |     private int i;
      |     ^~~~~~~
./material/code-generation-tests/OK_GER15.c: In function ‘_C_init_C’:
./material/code-generation-tests/OK_GER15.c:162:22: error: lvalue required as left operand of assignment
  162 |     FALTAIMPLEMENTAR = 5;
      |                      ^
./material/code-generation-tests/OK_GER15.c:163:22: error: lvalue required as left operand of assignment
  163 |     FALTAIMPLEMENTAR = 6;
      |                      ^
./material/code-generation-tests/OK_GER15.c: In function ‘new_C’:
./material/code-generation-tests/OK_GER15.c:205:10: error: ‘_class_C’ {aka ‘struct _St_C’} has no member named ‘vt’
  205 |         t->vt = VT_class_C;
      |          ^~
./material/code-generation-tests/OK_GER15.c: In function ‘_Program_run’:
./material/code-generation-tests/OK_GER15.c:230:5: warning: implicit declaration of function ‘_B_init_A’; did you mean ‘_B_init_B’? [-Wimplicit-function-declaration]
  230 |     _B_init_A(_b);
      |     ^~~~~~~~~
      |     _B_init_B
./material/code-generation-tests/OK_GER15.c:237:5: warning: implicit declaration of function ‘_C_init_A’; did you mean ‘_C_init_C’? [-Wimplicit-function-declaration]
  237 |     _C_init_A(_c);
      |     ^~~~~~~~~
      |     _C_init_C
Error when compiling the C code of file './material/code-generation-tests/OK_GER16.c' generated by the Cianeto compiler (exit code 1)
./material/code-generation-tests/OK_GER16.c: In function ‘readInt’:
./material/code-generation-tests/OK_GER16.c:15:5: warning: implicit declaration of function ‘gets’; did you mean ‘fgets’? [-Wimplicit-function-declaration]
   15 |     gets(__s);
      |     ^~~~
      |     fgets
./material/code-generation-tests/OK_GER16.c: At top level:
./material/code-generation-tests/OK_GER16.c:38:5: error: expected specifier-qualifier-list before ‘private’
   38 |     private int k;
      |     ^~~~~~~
./material/code-generation-tests/OK_GER16.c: In function ‘_A_set’:
./material/code-generation-tests/OK_GER16.c:49:22: error: lvalue required as left operand of assignment
   49 |     FALTAIMPLEMENTAR = _k;
      |                      ^
./material/code-generation-tests/OK_GER16.c: In function ‘new_A’:
./material/code-generation-tests/OK_GER16.c:71:10: error: ‘_class_A’ {aka ‘struct _St_A’} has no member named ‘vt’
   71 |         t->vt = VT_class_A;
      |          ^~
./material/code-generation-tests/OK_GER16.c: At top level:
./material/code-generation-tests/OK_GER16.c:78:5: error: expected specifier-qualifier-list before ‘private’
   78 |     private int k;
      |     ^~~~~~~
./material/code-generation-tests/OK_GER16.c: In function ‘_B_init’:
./material/code-generation-tests/OK_GER16.c:90:22: error: lvalue required as left operand of assignment
   90 |     FALTAIMPLEMENTAR = 2;
      |                      ^
./material/code-generation-tests/OK_GER16.c: In function ‘new_B’:
./material/code-generation-tests/OK_GER16.c:110:10: error: ‘_class_B’ {aka ‘struct _St_B’} has no member named ‘vt’
  110 |         t->vt = VT_class_B;
      |          ^~
./material/code-generation-tests/OK_GER16.c: In function ‘_Program_run’:
./material/code-generation-tests/OK_GER16.c:153:5: warning: implicit declaration of function ‘_C_init’; did you mean ‘_B_init’? [-Wimplicit-function-declaration]
  153 |     _C_init(_c);
      |     ^~~~~~~
      |     _B_init
./material/code-generation-tests/OK_GER16.c:156:8: warning: assignment to ‘_class_A *’ {aka ‘struct _St_A *’} from incompatible pointer type ‘_class_B *’ {aka ‘struct _St_B *’} [-Wincompatible-pointer-types]
  156 |     _a = _b;
      |        ^
./material/code-generation-tests/OK_GER16.c:163:18: warning: implicit declaration of function ‘_B_get_A’; did you mean ‘_C_get_A’? [-Wimplicit-function-declaration]
  163 |     printf("%d", _B_get_A(_b));
      |                  ^~~~~~~~
      |                  _C_get_A
./material/code-generation-tests/OK_GER16.c:165:8: warning: assignment to ‘_class_A *’ {aka ‘struct _St_A *’} from incompatible pointer type ‘_class_C *’ {aka ‘struct _St_C *’} [-Wincompatible-pointer-types]
  165 |     _a = _c;
      |        ^
Error when compiling the C code of file './material/code-generation-tests/OK_GER21.c' generated by the Cianeto compiler (exit code 1)
./material/code-generation-tests/OK_GER21.c: In function ‘readInt’:
./material/code-generation-tests/OK_GER21.c:15:5: warning: implicit declaration of function ‘gets’; did you mean ‘fgets’? [-Wimplicit-function-declaration]
   15 |     gets(__s);
      |     ^~~~
      |     fgets
./material/code-generation-tests/OK_GER21.c: At top level:
./material/code-generation-tests/OK_GER21.c:38:5: error: expected specifier-qualifier-list before ‘private’
   38 |     private int n;
      |     ^~~~~~~
./material/code-generation-tests/OK_GER21.c: In function ‘_A_set’:
./material/code-generation-tests/OK_GER21.c:45:22: error: lvalue required as left operand of assignment
   45 |     FALTAIMPLEMENTAR = _n;
      |                      ^
./material/code-generation-tests/OK_GER21.c: In function ‘new_A’:
./material/code-generation-tests/OK_GER21.c:60:10: error: ‘_class_A’ {aka ‘struct _St_A’} has no member named ‘vt’
   60 |         t->vt = VT_class_A;
      |          ^~
./material/code-generation-tests/OK_GER21.c: At top level:
./material/code-generation-tests/OK_GER21.c:67:5: error: unknown type name ‘private’
   67 |     private A a;
      |     ^~~~~~~
./material/code-generation-tests/OK_GER21.c:67:15: error: expected ‘:’, ‘,’, ‘;’, ‘}’ or ‘__attribute__’ before ‘a’
   67 |     private A a;
      |               ^
./material/code-generation-tests/OK_GER21.c: In function ‘_Program_get’:
./material/code-generation-tests/OK_GER21.c:1:26: error: incompatible types when returning type ‘int’ but ‘_class_A’ {aka ‘struct _St_A’} was expected
    1 | #define FALTAIMPLEMENTAR 0
      |                          ^
./material/code-generation-tests/OK_GER21.c:78:12: note: in expansion of macro ‘FALTAIMPLEMENTAR’
   78 |     return FALTAIMPLEMENTAR;
      |            ^~~~~~~~~~~~~~~~
./material/code-generation-tests/OK_GER21.c: In function ‘_Program_set’:
./material/code-generation-tests/OK_GER21.c:87:22: error: lvalue required as left operand of assignment
   87 |     FALTAIMPLEMENTAR = _a;
      |                      ^
./material/code-generation-tests/OK_GER21.c: In function ‘new_Program’:
./material/code-generation-tests/OK_GER21.c:99:10: error: ‘_class_Program’ {aka ‘struct _St_Program’} has no member named ‘vt’
   99 |         t->vt = VT_class_Program;
      |          ^~
Executing the C code of file './material/code-generation-tests/OK_GER22.c'
100
100
Cianeto compiler finished
